  EditorState.cpp
C:\Users\Ivan\Documents\C++\SFML_RPG\SFML_RPG\EditorState.cpp(7,126): warning C4244: 'argument': conversion from 'float' to 'T', possible loss of data
          with
          [
              T=int
          ]
C:\Users\Ivan\Documents\C++\SFML_RPG\SFML_RPG\EditorState.cpp(7,67): warning C4244: 'argument': conversion from 'float' to 'T', possible loss of data
          with
          [
              T=int
          ]
C:\Users\Ivan\Documents\C++\SFML_RPG\SFML_RPG\EditorState.cpp(44,83): warning C4244: 'argument': conversion from 'unsigned int' to 'T', possible loss of data
          with
          [
              T=float
          ]
  Game.cpp
  GameState.cpp
  MainMenuState.cpp
  TileMap.cpp
C:\Users\Ivan\Documents\C++\SFML_RPG\SFML_RPG\TileMap.cpp(182,150): warning C4244: 'argument': conversion from 'float' to 'T', possible loss of data
          with
          [
              T=int
          ]
C:\Users\Ivan\Documents\C++\SFML_RPG\SFML_RPG\TileMap.cpp(182,112): warning C4244: 'argument': conversion from 'float' to 'T', possible loss of data
          with
          [
              T=int
          ]
  main.cpp
  Generating Code...
  SFML_RPG.vcxproj -> C:\Users\Ivan\Documents\C++\SFML_RPG\Debug\SFML_RPG.exe
