c:\users\ivan-\documents\c++\smfl-rpg\sfml_rpg\debug\sfml_rpg.pch
c:\users\ivan-\documents\c++\smfl-rpg\sfml_rpg\debug\vc142.pdb
c:\users\ivan-\documents\c++\smfl-rpg\sfml_rpg\debug\vc142.idb
c:\users\ivan-\documents\c++\smfl-rpg\sfml_rpg\debug\stdafx.obj
c:\users\ivan-\documents\c++\smfl-rpg\sfml_rpg\debug\tilemap.obj
c:\users\ivan-\documents\c++\smfl-rpg\sfml_rpg\debug\tile.obj
c:\users\ivan-\documents\c++\smfl-rpg\sfml_rpg\debug\state.obj
c:\users\ivan-\documents\c++\smfl-rpg\sfml_rpg\debug\settingsstate.obj
c:\users\ivan-\documents\c++\smfl-rpg\sfml_rpg\debug\player.obj
c:\users\ivan-\documents\c++\smfl-rpg\sfml_rpg\debug\pausemenu.obj
c:\users\ivan-\documents\c++\smfl-rpg\sfml_rpg\debug\movementcomponent.obj
c:\users\ivan-\documents\c++\smfl-rpg\sfml_rpg\debug\mainmenustate.obj
c:\users\ivan-\documents\c++\smfl-rpg\sfml_rpg\debug\main.obj
c:\users\ivan-\documents\c++\smfl-rpg\sfml_rpg\debug\hitboxcomponent.obj
c:\users\ivan-\documents\c++\smfl-rpg\sfml_rpg\debug\gamestate.obj
c:\users\ivan-\documents\c++\smfl-rpg\sfml_rpg\debug\game.obj
c:\users\ivan-\documents\c++\smfl-rpg\sfml_rpg\debug\entity.obj
c:\users\ivan-\documents\c++\smfl-rpg\sfml_rpg\debug\editorstate.obj
c:\users\ivan-\documents\c++\smfl-rpg\sfml_rpg\debug\gui.obj
c:\users\ivan-\documents\c++\smfl-rpg\sfml_rpg\debug\animationcomponent.obj
c:\users\ivan-\documents\c++\smfl-rpg\sfml_rpg\debug\graphicssettings.obj
c:\users\ivan-\documents\c++\smfl-rpg\debug\sfml_rpg.exe
c:\users\ivan-\documents\c++\smfl-rpg\debug\sfml_rpg.ilk
c:\users\ivan-\documents\c++\smfl-rpg\debug\sfml_rpg.pdb
c:\users\ivan-\documents\c++\smfl-rpg\sfml_rpg\debug\sfml_rpg.tlog\cl.command.1.tlog
c:\users\ivan-\documents\c++\smfl-rpg\sfml_rpg\debug\sfml_rpg.tlog\cl.read.1.tlog
c:\users\ivan-\documents\c++\smfl-rpg\sfml_rpg\debug\sfml_rpg.tlog\cl.write.1.tlog
c:\users\ivan-\documents\c++\smfl-rpg\sfml_rpg\debug\sfml_rpg.tlog\link.command.1.tlog
c:\users\ivan-\documents\c++\smfl-rpg\sfml_rpg\debug\sfml_rpg.tlog\link.read.1.tlog
c:\users\ivan-\documents\c++\smfl-rpg\sfml_rpg\debug\sfml_rpg.tlog\link.write.1.tlog
